<!DOCTYPE HTML PUBLIC "-//W3C//DTD HTML 4.01 Transitional//EN" "http://www.w3.org/TR/html4/loose.dtd">
<html>
<head>
<meta charset="UTF-8"/>
<title>Windows Desktop Test Execution Report</title>
<style type="text/css">
<!--
body, table {font-family:arial,sans-serif; font-size: medium
;}th {background: #336699; color: #FFFFFF; text-align: left;}
-->
</style>
</head>
<body bgcolor="#FFFFFF" topmargin="6" leftmargin="6">
<hr size="1" noshade="noshade">
Log session start time Sat Oct 11 19:42:44 EEST 2025<br>
<br>
<table cellspacing="0" cellpadding="4" border="1" bordercolor="#224466" width="100%">
<tr>
<th>Time</th>
<th>Thread</th>
<th>Level</th>
<th>Logger</th>
<th>File:Line</th>
<th>Message</th>
</tr>

<tr>
<td>13854</td>
<td title="main thread">main</td>
<td title="Level">INFO</td>
<td title="listeners.TestExecutionListener logger">listeners.TestExecutionListener</td>
<td>TestExecutionListener.java:31</td>
<td title="Message">=== SUITE STARTED: Calculator Automation Suite ===</td>
</tr>

<tr>
<td>13906</td>
<td title="main thread">main</td>
<td title="Level">INFO</td>
<td title="listeners.TestExecutionListener logger">listeners.TestExecutionListener</td>
<td>TestExecutionListener.java:33</td>
<td title="Message">Suite parameters: {calculatorAppPath=C:\Windows\System32\calc.exe, winAppDriverUrl=http://127.0.0.1:4723}</td>
</tr>

<tr>
<td>24041</td>
<td title="main thread">main</td>
<td title="Level">INFO</td>
<td title="listeners.TestExecutionListener logger">listeners.TestExecutionListener</td>
<td>TestExecutionListener.java:44</td>
<td title="Message">‚ñ∂Ô∏è TEST STARTED: testcases.TC01_Calculator.testAddition</td>
</tr>

<tr>
<td>29802</td>
<td title="main thread">main</td>
<td title="Level">INFO</td>
<td title="listeners.TestExecutionListener logger">listeners.TestExecutionListener</td>
<td>TestExecutionListener.java:54</td>
<td title="Message">‚úÖ TEST PASSED: testcases.TC01_Calculator.testAddition (Duration: 5739 ms)</td>
</tr>

<tr>
<td>29999</td>
<td title="main thread">main</td>
<td title="Level">INFO</td>
<td title="listeners.TestExecutionListener logger">listeners.TestExecutionListener</td>
<td>TestExecutionListener.java:38</td>
<td title="Message">=== SUITE FINISHED: Calculator Automation Suite ===</td>
</tr>
</table>
<br>
</body></html>

<tr>
<td>9316</td>
<td title="main thread">main</td>
<td title="Level">INFO</td>
<td title="listeners.TestExecutionListener logger">listeners.TestExecutionListener</td>
<td>TestExecutionListener.java:31</td>
<td title="Message">=== SUITE STARTED: Calculator Automation Suite ===</td>
</tr>

<tr>
<td>9336</td>
<td title="main thread">main</td>
<td title="Level">INFO</td>
<td title="listeners.TestExecutionListener logger">listeners.TestExecutionListener</td>
<td>TestExecutionListener.java:33</td>
<td title="Message">Suite parameters: {calculatorAppPath=C:\Windows\System32\calc.exe, winAppDriverUrl=http://127.0.0.1:4723}</td>
</tr>

<tr>
<td>18022</td>
<td title="main thread">main</td>
<td title="Level">INFO</td>
<td title="listeners.TestExecutionListener logger">listeners.TestExecutionListener</td>
<td>TestExecutionListener.java:44</td>
<td title="Message">‚ñ∂Ô∏è TEST STARTED: testcases.TC01_Calculator.testAddition</td>
</tr>

<tr>
<td>23965</td>
<td title="main thread">main</td>
<td title="Level">INFO</td>
<td title="listeners.TestExecutionListener logger">listeners.TestExecutionListener</td>
<td>TestExecutionListener.java:54</td>
<td title="Message">‚úÖ TEST PASSED: testcases.TC01_Calculator.testAddition (Duration: 5922 ms)</td>
</tr>

<tr>
<td>24248</td>
<td title="main thread">main</td>
<td title="Level">INFO</td>
<td title="listeners.TestExecutionListener logger">listeners.TestExecutionListener</td>
<td>TestExecutionListener.java:38</td>
<td title="Message">=== SUITE FINISHED: Calculator Automation Suite ===</td>
</tr>
</table>
<br>
</body></html>

<tr>
<td>5365</td>
<td title="main thread">main</td>
<td title="Level">INFO</td>
<td title="listeners.TestExecutionListener logger">listeners.TestExecutionListener</td>
<td>TestExecutionListener.java:31</td>
<td title="Message">=== SUITE STARTED: Calculator Automation Suite ===</td>
</tr>

<tr>
<td>5381</td>
<td title="main thread">main</td>
<td title="Level">INFO</td>
<td title="listeners.TestExecutionListener logger">listeners.TestExecutionListener</td>
<td>TestExecutionListener.java:33</td>
<td title="Message">Suite parameters: {calculatorAppPath=C:\Windows\System32\calc.exe, winAppDriverUrl=http://127.0.0.1:4723}</td>
</tr>

<tr>
<td>13780</td>
<td title="main thread">main</td>
<td title="Level">INFO</td>
<td title="testcases.testBase logger">testcases.testBase</td>
<td>testBase.java:152</td>
<td title="Message">App Starting</td>
</tr>

<tr>
<td>15237</td>
<td title="main thread">main</td>
<td title="Level">INFO</td>
<td title="listeners.TestExecutionListener logger">listeners.TestExecutionListener</td>
<td>TestExecutionListener.java:44</td>
<td title="Message">‚ñ∂Ô∏è TEST STARTED: testcases.TC01_Calculator.testAddition</td>
</tr>

<tr>
<td>15269</td>
<td title="main thread">main</td>
<td title="Level"><font color="#993300"><strong>WARN</strong></font></td>
<td title="listeners.TestExecutionListener logger">listeners.TestExecutionListener</td>
<td>TestExecutionListener.java:74</td>
<td title="Message">‚ö†Ô∏è TEST SKIPPED: testcases.TC01_Calculator.testAddition</td>
</tr>

<tr>
<td>15269</td>
<td title="main thread">main</td>
<td title="Level"><font color="#993300"><strong>WARN</strong></font></td>
<td title="listeners.TestExecutionListener logger">listeners.TestExecutionListener</td>
<td>TestExecutionListener.java:76</td>
<td title="Message">Skip reason: Command not implemented: POST: /session/4A7EB692-51FB-460E-818D-892950EC5699/url<br />Command duration or timeout: 78 milliseconds<br />Build info: version: '3.141.59', revision: 'e82be7d358', time: '2018-11-14T08:17:03'<br />System info: host: 'DESKTOP-Q8SBOU5', ip: '192.168.8.104', os.name: 'Windows 10', os.arch: 'amd64', os.version: '10.0', java.version: '17.0.10'<br />Driver info: io.appium.java_client.windows.WindowsDriver<br />Capabilities {app: Microsoft.WindowsCalculator..., javascriptEnabled: true, platform: WINDOWS, platformName: Windows}<br />Session ID: 4A7EB692-51FB-460E-818D-892950EC5699</td>
</tr>

<tr>
<td>15282</td>
<td title="main thread">main</td>
<td title="Level">INFO</td>
<td title="testcases.testBase logger">testcases.testBase</td>
<td>testBase.java:207</td>
<td title="Message">close browser</td>
</tr>

<tr>
<td>19811</td>
<td title="main thread">main</td>
<td title="Level">INFO</td>
<td title="testcases.testBase logger">testcases.testBase</td>
<td>testBase.java:152</td>
<td title="Message">App Starting</td>
</tr>

<tr>
<td>20405</td>
<td title="main thread">main</td>
<td title="Level">INFO</td>
<td title="listeners.TestExecutionListener logger">listeners.TestExecutionListener</td>
<td>TestExecutionListener.java:44</td>
<td title="Message">‚ñ∂Ô∏è TEST STARTED: testcases.TC01_Calculator.testSubtraction</td>
</tr>

<tr>
<td>20437</td>
<td title="main thread">main</td>
<td title="Level"><font color="#993300"><strong>WARN</strong></font></td>
<td title="listeners.TestExecutionListener logger">listeners.TestExecutionListener</td>
<td>TestExecutionListener.java:74</td>
<td title="Message">‚ö†Ô∏è TEST SKIPPED: testcases.TC01_Calculator.testSubtraction</td>
</tr>

<tr>
<td>20437</td>
<td title="main thread">main</td>
<td title="Level"><font color="#993300"><strong>WARN</strong></font></td>
<td title="listeners.TestExecutionListener logger">listeners.TestExecutionListener</td>
<td>TestExecutionListener.java:76</td>
<td title="Message">Skip reason: Command not implemented: POST: /session/4D79E76A-43D0-4A94-B68A-61A0C52D6789/url<br />Command duration or timeout: 62 milliseconds<br />Build info: version: '3.141.59', revision: 'e82be7d358', time: '2018-11-14T08:17:03'<br />System info: host: 'DESKTOP-Q8SBOU5', ip: '192.168.8.104', os.name: 'Windows 10', os.arch: 'amd64', os.version: '10.0', java.version: '17.0.10'<br />Driver info: io.appium.java_client.windows.WindowsDriver<br />Capabilities {app: Microsoft.WindowsCalculator..., javascriptEnabled: true, platform: WINDOWS, platformName: Windows}<br />Session ID: 4D79E76A-43D0-4A94-B68A-61A0C52D6789</td>
</tr>

<tr>
<td>20452</td>
<td title="main thread">main</td>
<td title="Level">INFO</td>
<td title="testcases.testBase logger">testcases.testBase</td>
<td>testBase.java:207</td>
<td title="Message">close browser</td>
</tr>

<tr>
<td>24856</td>
<td title="main thread">main</td>
<td title="Level">INFO</td>
<td title="testcases.testBase logger">testcases.testBase</td>
<td>testBase.java:152</td>
<td title="Message">App Starting</td>
</tr>

<tr>
<td>25442</td>
<td title="main thread">main</td>
<td title="Level">INFO</td>
<td title="listeners.TestExecutionListener logger">listeners.TestExecutionListener</td>
<td>TestExecutionListener.java:44</td>
<td title="Message">‚ñ∂Ô∏è TEST STARTED: testcases.TC01_Calculator.testMultiplication</td>
</tr>

<tr>
<td>25457</td>
<td title="main thread">main</td>
<td title="Level"><font color="#993300"><strong>WARN</strong></font></td>
<td title="listeners.TestExecutionListener logger">listeners.TestExecutionListener</td>
<td>TestExecutionListener.java:74</td>
<td title="Message">‚ö†Ô∏è TEST SKIPPED: testcases.TC01_Calculator.testMultiplication</td>
</tr>

<tr>
<td>25473</td>
<td title="main thread">main</td>
<td title="Level"><font color="#993300"><strong>WARN</strong></font></td>
<td title="listeners.TestExecutionListener logger">listeners.TestExecutionListener</td>
<td>TestExecutionListener.java:76</td>
<td title="Message">Skip reason: Command not implemented: POST: /session/F201782B-FAB9-4F7B-96DB-B295273178D0/url<br />Command duration or timeout: 47 milliseconds<br />Build info: version: '3.141.59', revision: 'e82be7d358', time: '2018-11-14T08:17:03'<br />System info: host: 'DESKTOP-Q8SBOU5', ip: '192.168.8.104', os.name: 'Windows 10', os.arch: 'amd64', os.version: '10.0', java.version: '17.0.10'<br />Driver info: io.appium.java_client.windows.WindowsDriver<br />Capabilities {app: Microsoft.WindowsCalculator..., javascriptEnabled: true, platform: WINDOWS, platformName: Windows}<br />Session ID: F201782B-FAB9-4F7B-96DB-B295273178D0</td>
</tr>

<tr>
<td>25482</td>
<td title="main thread">main</td>
<td title="Level">INFO</td>
<td title="testcases.testBase logger">testcases.testBase</td>
<td>testBase.java:207</td>
<td title="Message">close browser</td>
</tr>

<tr>
<td>29819</td>
<td title="main thread">main</td>
<td title="Level">INFO</td>
<td title="testcases.testBase logger">testcases.testBase</td>
<td>testBase.java:152</td>
<td title="Message">App Starting</td>
</tr>

<tr>
<td>30508</td>
<td title="main thread">main</td>
<td title="Level">INFO</td>
<td title="listeners.TestExecutionListener logger">listeners.TestExecutionListener</td>
<td>TestExecutionListener.java:44</td>
<td title="Message">‚ñ∂Ô∏è TEST STARTED: testcases.TC01_Calculator.testDivision</td>
</tr>

<tr>
<td>30524</td>
<td title="main thread">main</td>
<td title="Level"><font color="#993300"><strong>WARN</strong></font></td>
<td title="listeners.TestExecutionListener logger">listeners.TestExecutionListener</td>
<td>TestExecutionListener.java:74</td>
<td title="Message">‚ö†Ô∏è TEST SKIPPED: testcases.TC01_Calculator.testDivision</td>
</tr>

<tr>
<td>30524</td>
<td title="main thread">main</td>
<td title="Level"><font color="#993300"><strong>WARN</strong></font></td>
<td title="listeners.TestExecutionListener logger">listeners.TestExecutionListener</td>
<td>TestExecutionListener.java:76</td>
<td title="Message">Skip reason: Command not implemented: POST: /session/9835AF16-3BE4-482E-BF75-F5ACC3BAF66D/url<br />Command duration or timeout: 47 milliseconds<br />Build info: version: '3.141.59', revision: 'e82be7d358', time: '2018-11-14T08:17:03'<br />System info: host: 'DESKTOP-Q8SBOU5', ip: '192.168.8.104', os.name: 'Windows 10', os.arch: 'amd64', os.version: '10.0', java.version: '17.0.10'<br />Driver info: io.appium.java_client.windows.WindowsDriver<br />Capabilities {app: Microsoft.WindowsCalculator..., javascriptEnabled: true, platform: WINDOWS, platformName: Windows}<br />Session ID: 9835AF16-3BE4-482E-BF75-F5ACC3BAF66D</td>
</tr>

<tr>
<td>30539</td>
<td title="main thread">main</td>
<td title="Level">INFO</td>
<td title="testcases.testBase logger">testcases.testBase</td>
<td>testBase.java:207</td>
<td title="Message">close browser</td>
</tr>

<tr>
<td>30721</td>
<td title="main thread">main</td>
<td title="Level">INFO</td>
<td title="listeners.TestExecutionListener logger">listeners.TestExecutionListener</td>
<td>TestExecutionListener.java:38</td>
<td title="Message">=== SUITE FINISHED: Calculator Automation Suite ===</td>
</tr>
</table>
<br>
</body></html>

<tr>
<td>43548</td>
<td title="main thread">main</td>
<td title="Level">INFO</td>
<td title="listeners.TestExecutionListener logger">listeners.TestExecutionListener</td>
<td>TestExecutionListener.java:31</td>
<td title="Message">=== SUITE STARTED: Calculator Automation Suite ===</td>
</tr>

<tr>
<td>43603</td>
<td title="main thread">main</td>
<td title="Level">INFO</td>
<td title="listeners.TestExecutionListener logger">listeners.TestExecutionListener</td>
<td>TestExecutionListener.java:33</td>
<td title="Message">Suite parameters: {calculatorAppPath=C:\Windows\System32\calc.exe, winAppDriverUrl=http://127.0.0.1:4723}</td>
</tr>

<tr>
<td>59761</td>
<td title="main thread">main</td>
<td title="Level">INFO</td>
<td title="testcases.testBase logger">testcases.testBase</td>
<td>testBase.java:152</td>
<td title="Message">App Starting</td>
</tr>

<tr>
<td>60876</td>
<td title="main thread">main</td>
<td title="Level">INFO</td>
<td title="listeners.TestExecutionListener logger">listeners.TestExecutionListener</td>
<td>TestExecutionListener.java:44</td>
<td title="Message">‚ñ∂Ô∏è TEST STARTED: testcases.TC01_Calculator.testAddition</td>
</tr>

<tr>
<td>60891</td>
<td title="main thread">main</td>
<td title="Level"><font color="#993300"><strong>WARN</strong></font></td>
<td title="listeners.TestExecutionListener logger">listeners.TestExecutionListener</td>
<td>TestExecutionListener.java:74</td>
<td title="Message">‚ö†Ô∏è TEST SKIPPED: testcases.TC01_Calculator.testAddition</td>
</tr>

<tr>
<td>60891</td>
<td title="main thread">main</td>
<td title="Level"><font color="#993300"><strong>WARN</strong></font></td>
<td title="listeners.TestExecutionListener logger">listeners.TestExecutionListener</td>
<td>TestExecutionListener.java:76</td>
<td title="Message">Skip reason: Command not implemented: POST: /session/4520D2D1-5D7A-4226-9CA1-ED28AB948CEB/url<br />Command duration or timeout: 47 milliseconds<br />Build info: version: '3.141.59', revision: 'e82be7d358', time: '2018-11-14T08:17:03'<br />System info: host: 'DESKTOP-Q8SBOU5', ip: '192.168.8.104', os.name: 'Windows 10', os.arch: 'amd64', os.version: '10.0', java.version: '17.0.10'<br />Driver info: io.appium.java_client.windows.WindowsDriver<br />Capabilities {app: Microsoft.WindowsCalculator..., javascriptEnabled: true, platform: WINDOWS, platformName: Windows}<br />Session ID: 4520D2D1-5D7A-4226-9CA1-ED28AB948CEB</td>
</tr>

<tr>
<td>60891</td>
<td title="main thread">main</td>
<td title="Level">INFO</td>
<td title="testcases.testBase logger">testcases.testBase</td>
<td>testBase.java:207</td>
<td title="Message">close browser</td>
</tr>

<tr>
<td>65631</td>
<td title="main thread">main</td>
<td title="Level">INFO</td>
<td title="testcases.testBase logger">testcases.testBase</td>
<td>testBase.java:152</td>
<td title="Message">App Starting</td>
</tr>

<tr>
<td>66241</td>
<td title="main thread">main</td>
<td title="Level">INFO</td>
<td title="listeners.TestExecutionListener logger">listeners.TestExecutionListener</td>
<td>TestExecutionListener.java:44</td>
<td title="Message">‚ñ∂Ô∏è TEST STARTED: testcases.TC01_Calculator.testSubtraction</td>
</tr>

<tr>
<td>66241</td>
<td title="main thread">main</td>
<td title="Level"><font color="#993300"><strong>WARN</strong></font></td>
<td title="listeners.TestExecutionListener logger">listeners.TestExecutionListener</td>
<td>TestExecutionListener.java:74</td>
<td title="Message">‚ö†Ô∏è TEST SKIPPED: testcases.TC01_Calculator.testSubtraction</td>
</tr>

<tr>
<td>66241</td>
<td title="main thread">main</td>
<td title="Level"><font color="#993300"><strong>WARN</strong></font></td>
<td title="listeners.TestExecutionListener logger">listeners.TestExecutionListener</td>
<td>TestExecutionListener.java:76</td>
<td title="Message">Skip reason: Command not implemented: POST: /session/CD00AE4E-1848-4431-99BC-8D43A517D6C6/url<br />Command duration or timeout: 47 milliseconds<br />Build info: version: '3.141.59', revision: 'e82be7d358', time: '2018-11-14T08:17:03'<br />System info: host: 'DESKTOP-Q8SBOU5', ip: '192.168.8.104', os.name: 'Windows 10', os.arch: 'amd64', os.version: '10.0', java.version: '17.0.10'<br />Driver info: io.appium.java_client.windows.WindowsDriver<br />Capabilities {app: Microsoft.WindowsCalculator..., javascriptEnabled: true, platform: WINDOWS, platformName: Windows}<br />Session ID: CD00AE4E-1848-4431-99BC-8D43A517D6C6</td>
</tr>

<tr>
<td>66256</td>
<td title="main thread">main</td>
<td title="Level">INFO</td>
<td title="testcases.testBase logger">testcases.testBase</td>
<td>testBase.java:207</td>
<td title="Message">close browser</td>
</tr>
</table>
<br>
</body></html>

<tr>
<td>3923</td>
<td title="main thread">main</td>
<td title="Level">INFO</td>
<td title="listeners.TestExecutionListener logger">listeners.TestExecutionListener</td>
<td>TestExecutionListener.java:31</td>
<td title="Message">=== SUITE STARTED: Calculator Automation Suite ===</td>
</tr>

<tr>
<td>3938</td>
<td title="main thread">main</td>
<td title="Level">INFO</td>
<td title="listeners.TestExecutionListener logger">listeners.TestExecutionListener</td>
<td>TestExecutionListener.java:33</td>
<td title="Message">Suite parameters: {calculatorAppPath=C:\Windows\System32\calc.exe, winAppDriverUrl=http://127.0.0.1:4723}</td>
</tr>

<tr>
<td>16204</td>
<td title="main thread">main</td>
<td title="Level">INFO</td>
<td title="testcases.testBase logger">testcases.testBase</td>
<td>testBase.java:152</td>
<td title="Message">App Starting</td>
</tr>

<tr>
<td>18320</td>
<td title="main thread">main</td>
<td title="Level">INFO</td>
<td title="listeners.TestExecutionListener logger">listeners.TestExecutionListener</td>
<td>TestExecutionListener.java:44</td>
<td title="Message">‚ñ∂Ô∏è TEST STARTED: testcases.TC01_Calculator.testAddition</td>
</tr>

<tr>
<td>18383</td>
<td title="main thread">main</td>
<td title="Level"><font color="#993300"><strong>WARN</strong></font></td>
<td title="listeners.TestExecutionListener logger">listeners.TestExecutionListener</td>
<td>TestExecutionListener.java:74</td>
<td title="Message">‚ö†Ô∏è TEST SKIPPED: testcases.TC01_Calculator.testAddition</td>
</tr>

<tr>
<td>18383</td>
<td title="main thread">main</td>
<td title="Level"><font color="#993300"><strong>WARN</strong></font></td>
<td title="listeners.TestExecutionListener logger">listeners.TestExecutionListener</td>
<td>TestExecutionListener.java:76</td>
<td title="Message">Skip reason: Command not implemented: POST: /session/86B66363-4958-4F94-A1F5-BF7F4729ED17/url<br />Command duration or timeout: 93 milliseconds<br />Build info: version: '3.141.59', revision: 'e82be7d358', time: '2018-11-14T08:17:03'<br />System info: host: 'DESKTOP-Q8SBOU5', ip: '192.168.8.104', os.name: 'Windows 10', os.arch: 'amd64', os.version: '10.0', java.version: '17.0.10'<br />Driver info: io.appium.java_client.windows.WindowsDriver<br />Capabilities {app: Microsoft.WindowsCalculator..., javascriptEnabled: true, platform: WINDOWS, platformName: Windows}<br />Session ID: 86B66363-4958-4F94-A1F5-BF7F4729ED17</td>
</tr>

<tr>
<td>18383</td>
<td title="main thread">main</td>
<td title="Level">INFO</td>
<td title="testcases.testBase logger">testcases.testBase</td>
<td>testBase.java:207</td>
<td title="Message">close browser</td>
</tr>

<tr>
<td>22757</td>
<td title="main thread">main</td>
<td title="Level">INFO</td>
<td title="testcases.testBase logger">testcases.testBase</td>
<td>testBase.java:152</td>
<td title="Message">App Starting</td>
</tr>

<tr>
<td>23398</td>
<td title="main thread">main</td>
<td title="Level">INFO</td>
<td title="listeners.TestExecutionListener logger">listeners.TestExecutionListener</td>
<td>TestExecutionListener.java:44</td>
<td title="Message">‚ñ∂Ô∏è TEST STARTED: testcases.TC01_Calculator.testSubtraction</td>
</tr>

<tr>
<td>23413</td>
<td title="main thread">main</td>
<td title="Level"><font color="#993300"><strong>WARN</strong></font></td>
<td title="listeners.TestExecutionListener logger">listeners.TestExecutionListener</td>
<td>TestExecutionListener.java:74</td>
<td title="Message">‚ö†Ô∏è TEST SKIPPED: testcases.TC01_Calculator.testSubtraction</td>
</tr>

<tr>
<td>23429</td>
<td title="main thread">main</td>
<td title="Level"><font color="#993300"><strong>WARN</strong></font></td>
<td title="listeners.TestExecutionListener logger">listeners.TestExecutionListener</td>
<td>TestExecutionListener.java:76</td>
<td title="Message">Skip reason: Command not implemented: POST: /session/72AC6410-525A-41CB-836B-207D38633413/url<br />Command duration or timeout: 63 milliseconds<br />Build info: version: '3.141.59', revision: 'e82be7d358', time: '2018-11-14T08:17:03'<br />System info: host: 'DESKTOP-Q8SBOU5', ip: '192.168.8.104', os.name: 'Windows 10', os.arch: 'amd64', os.version: '10.0', java.version: '17.0.10'<br />Driver info: io.appium.java_client.windows.WindowsDriver<br />Capabilities {app: Microsoft.WindowsCalculator..., javascriptEnabled: true, platform: WINDOWS, platformName: Windows}<br />Session ID: 72AC6410-525A-41CB-836B-207D38633413</td>
</tr>

<tr>
<td>23429</td>
<td title="main thread">main</td>
<td title="Level">INFO</td>
<td title="testcases.testBase logger">testcases.testBase</td>
<td>testBase.java:207</td>
<td title="Message">close browser</td>
</tr>

<tr>
<td>27658</td>
<td title="main thread">main</td>
<td title="Level">INFO</td>
<td title="testcases.testBase logger">testcases.testBase</td>
<td>testBase.java:152</td>
<td title="Message">App Starting</td>
</tr>

<tr>
<td>28317</td>
<td title="main thread">main</td>
<td title="Level">INFO</td>
<td title="listeners.TestExecutionListener logger">listeners.TestExecutionListener</td>
<td>TestExecutionListener.java:44</td>
<td title="Message">‚ñ∂Ô∏è TEST STARTED: testcases.TC01_Calculator.testMultiplication</td>
</tr>

<tr>
<td>28346</td>
<td title="main thread">main</td>
<td title="Level"><font color="#993300"><strong>WARN</strong></font></td>
<td title="listeners.TestExecutionListener logger">listeners.TestExecutionListener</td>
<td>TestExecutionListener.java:74</td>
<td title="Message">‚ö†Ô∏è TEST SKIPPED: testcases.TC01_Calculator.testMultiplication</td>
</tr>

<tr>
<td>28346</td>
<td title="main thread">main</td>
<td title="Level"><font color="#993300"><strong>WARN</strong></font></td>
<td title="listeners.TestExecutionListener logger">listeners.TestExecutionListener</td>
<td>TestExecutionListener.java:76</td>
<td title="Message">Skip reason: Command not implemented: POST: /session/21795E51-00E9-45C3-ACD3-4BC4F29C67D0/url<br />Command duration or timeout: 78 milliseconds<br />Build info: version: '3.141.59', revision: 'e82be7d358', time: '2018-11-14T08:17:03'<br />System info: host: 'DESKTOP-Q8SBOU5', ip: '192.168.8.104', os.name: 'Windows 10', os.arch: 'amd64', os.version: '10.0', java.version: '17.0.10'<br />Driver info: io.appium.java_client.windows.WindowsDriver<br />Capabilities {app: Microsoft.WindowsCalculator..., javascriptEnabled: true, platform: WINDOWS, platformName: Windows}<br />Session ID: 21795E51-00E9-45C3-ACD3-4BC4F29C67D0</td>
</tr>

<tr>
<td>28362</td>
<td title="main thread">main</td>
<td title="Level">INFO</td>
<td title="testcases.testBase logger">testcases.testBase</td>
<td>testBase.java:207</td>
<td title="Message">close browser</td>
</tr>

<tr>
<td>32549</td>
<td title="main thread">main</td>
<td title="Level">INFO</td>
<td title="testcases.testBase logger">testcases.testBase</td>
<td>testBase.java:152</td>
<td title="Message">App Starting</td>
</tr>

<tr>
<td>33191</td>
<td title="main thread">main</td>
<td title="Level">INFO</td>
<td title="listeners.TestExecutionListener logger">listeners.TestExecutionListener</td>
<td>TestExecutionListener.java:44</td>
<td title="Message">‚ñ∂Ô∏è TEST STARTED: testcases.TC01_Calculator.testDivision</td>
</tr>

<tr>
<td>33207</td>
<td title="main thread">main</td>
<td title="Level"><font color="#993300"><strong>WARN</strong></font></td>
<td title="listeners.TestExecutionListener logger">listeners.TestExecutionListener</td>
<td>TestExecutionListener.java:74</td>
<td title="Message">‚ö†Ô∏è TEST SKIPPED: testcases.TC01_Calculator.testDivision</td>
</tr>

<tr>
<td>33223</td>
<td title="main thread">main</td>
<td title="Level"><font color="#993300"><strong>WARN</strong></font></td>
<td title="listeners.TestExecutionListener logger">listeners.TestExecutionListener</td>
<td>TestExecutionListener.java:76</td>
<td title="Message">Skip reason: Command not implemented: POST: /session/AD7E1DEB-96FE-433F-9963-D837B37887CE/url<br />Command duration or timeout: 78 milliseconds<br />Build info: version: '3.141.59', revision: 'e82be7d358', time: '2018-11-14T08:17:03'<br />System info: host: 'DESKTOP-Q8SBOU5', ip: '192.168.8.104', os.name: 'Windows 10', os.arch: 'amd64', os.version: '10.0', java.version: '17.0.10'<br />Driver info: io.appium.java_client.windows.WindowsDriver<br />Capabilities {app: Microsoft.WindowsCalculator..., javascriptEnabled: true, platform: WINDOWS, platformName: Windows}<br />Session ID: AD7E1DEB-96FE-433F-9963-D837B37887CE</td>
</tr>

<tr>
<td>33223</td>
<td title="main thread">main</td>
<td title="Level">INFO</td>
<td title="testcases.testBase logger">testcases.testBase</td>
<td>testBase.java:207</td>
<td title="Message">close browser</td>
</tr>

<tr>
<td>33365</td>
<td title="main thread">main</td>
<td title="Level">INFO</td>
<td title="listeners.TestExecutionListener logger">listeners.TestExecutionListener</td>
<td>TestExecutionListener.java:38</td>
<td title="Message">=== SUITE FINISHED: Calculator Automation Suite ===</td>
</tr>
</table>
<br>
</body></html>

<tr>
<td>18813</td>
<td title="main thread">main</td>
<td title="Level">INFO</td>
<td title="listeners.TestExecutionListener logger">listeners.TestExecutionListener</td>
<td>TestExecutionListener.java:31</td>
<td title="Message">=== SUITE STARTED: Calculator Automation Suite ===</td>
</tr>

<tr>
<td>18819</td>
<td title="main thread">main</td>
<td title="Level">INFO</td>
<td title="listeners.TestExecutionListener logger">listeners.TestExecutionListener</td>
<td>TestExecutionListener.java:33</td>
<td title="Message">Suite parameters: {calculatorAppPath=C:\Windows\System32\calc.exe, winAppDriverUrl=http://127.0.0.1:4723}</td>
</tr>

<tr>
<td>28295</td>
<td title="main thread">main</td>
<td title="Level">INFO</td>
<td title="testcases.testBase logger">testcases.testBase</td>
<td>testBase.java:152</td>
<td title="Message">App Starting</td>
</tr>

<tr>
<td>29224</td>
<td title="main thread">main</td>
<td title="Level">INFO</td>
<td title="listeners.TestExecutionListener logger">listeners.TestExecutionListener</td>
<td>TestExecutionListener.java:44</td>
<td title="Message">‚ñ∂Ô∏è TEST STARTED: testcases.TC01_Calculator.testAddition</td>
</tr>

<tr>
<td>29243</td>
<td title="main thread">main</td>
<td title="Level"><font color="#993300"><strong>WARN</strong></font></td>
<td title="listeners.TestExecutionListener logger">listeners.TestExecutionListener</td>
<td>TestExecutionListener.java:74</td>
<td title="Message">‚ö†Ô∏è TEST SKIPPED: testcases.TC01_Calculator.testAddition</td>
</tr>

<tr>
<td>29244</td>
<td title="main thread">main</td>
<td title="Level"><font color="#993300"><strong>WARN</strong></font></td>
<td title="listeners.TestExecutionListener logger">listeners.TestExecutionListener</td>
<td>TestExecutionListener.java:76</td>
<td title="Message">Skip reason: Command not implemented: POST: /session/DA5D0365-4901-47B5-B28F-E347090A794A/url<br />Command duration or timeout: 64 milliseconds<br />Build info: version: '3.141.59', revision: 'e82be7d358', time: '2018-11-14T08:17:03'<br />System info: host: 'DESKTOP-Q8SBOU5', ip: '192.168.8.104', os.name: 'Windows 10', os.arch: 'amd64', os.version: '10.0', java.version: '17.0.10'<br />Driver info: io.appium.java_client.windows.WindowsDriver<br />Capabilities {app: Microsoft.WindowsCalculator..., javascriptEnabled: true, platform: WINDOWS, platformName: Windows}<br />Session ID: DA5D0365-4901-47B5-B28F-E347090A794A</td>
</tr>

<tr>
<td>29256</td>
<td title="main thread">main</td>
<td title="Level">INFO</td>
<td title="testcases.testBase logger">testcases.testBase</td>
<td>testBase.java:207</td>
<td title="Message">close browser</td>
</tr>

<tr>
<td>32985</td>
<td title="main thread">main</td>
<td title="Level">INFO</td>
<td title="testcases.testBase logger">testcases.testBase</td>
<td>testBase.java:152</td>
<td title="Message">App Starting</td>
</tr>

<tr>
<td>33632</td>
<td title="main thread">main</td>
<td title="Level">INFO</td>
<td title="listeners.TestExecutionListener logger">listeners.TestExecutionListener</td>
<td>TestExecutionListener.java:44</td>
<td title="Message">‚ñ∂Ô∏è TEST STARTED: testcases.TC01_Calculator.testSubtraction</td>
</tr>

<tr>
<td>33651</td>
<td title="main thread">main</td>
<td title="Level"><font color="#993300"><strong>WARN</strong></font></td>
<td title="listeners.TestExecutionListener logger">listeners.TestExecutionListener</td>
<td>TestExecutionListener.java:74</td>
<td title="Message">‚ö†Ô∏è TEST SKIPPED: testcases.TC01_Calculator.testSubtraction</td>
</tr>

<tr>
<td>33654</td>
<td title="main thread">main</td>
<td title="Level"><font color="#993300"><strong>WARN</strong></font></td>
<td title="listeners.TestExecutionListener logger">listeners.TestExecutionListener</td>
<td>TestExecutionListener.java:76</td>
<td title="Message">Skip reason: Command not implemented: POST: /session/22C0B7D9-9325-43A8-A504-E9E6A4981727/url<br />Command duration or timeout: 72 milliseconds<br />Build info: version: '3.141.59', revision: 'e82be7d358', time: '2018-11-14T08:17:03'<br />System info: host: 'DESKTOP-Q8SBOU5', ip: '192.168.8.104', os.name: 'Windows 10', os.arch: 'amd64', os.version: '10.0', java.version: '17.0.10'<br />Driver info: io.appium.java_client.windows.WindowsDriver<br />Capabilities {app: Microsoft.WindowsCalculator..., javascriptEnabled: true, platform: WINDOWS, platformName: Windows}<br />Session ID: 22C0B7D9-9325-43A8-A504-E9E6A4981727</td>
</tr>

<tr>
<td>33657</td>
<td title="main thread">main</td>
<td title="Level">INFO</td>
<td title="testcases.testBase logger">testcases.testBase</td>
<td>testBase.java:207</td>
<td title="Message">close browser</td>
</tr>

<tr>
<td>37582</td>
<td title="main thread">main</td>
<td title="Level">INFO</td>
<td title="testcases.testBase logger">testcases.testBase</td>
<td>testBase.java:152</td>
<td title="Message">App Starting</td>
</tr>

<tr>
<td>38815</td>
<td title="main thread">main</td>
<td title="Level">INFO</td>
<td title="listeners.TestExecutionListener logger">listeners.TestExecutionListener</td>
<td>TestExecutionListener.java:44</td>
<td title="Message">‚ñ∂Ô∏è TEST STARTED: testcases.TC01_Calculator.testMultiplication</td>
</tr>

<tr>
<td>38823</td>
<td title="main thread">main</td>
<td title="Level"><font color="#993300"><strong>WARN</strong></font></td>
<td title="listeners.TestExecutionListener logger">listeners.TestExecutionListener</td>
<td>TestExecutionListener.java:74</td>
<td title="Message">‚ö†Ô∏è TEST SKIPPED: testcases.TC01_Calculator.testMultiplication</td>
</tr>

<tr>
<td>38826</td>
<td title="main thread">main</td>
<td title="Level"><font color="#993300"><strong>WARN</strong></font></td>
<td title="listeners.TestExecutionListener logger">listeners.TestExecutionListener</td>
<td>TestExecutionListener.java:76</td>
<td title="Message">Skip reason: Command not implemented: POST: /session/546CAF1D-5F7D-459D-B8D6-86E5D9A9F7DC/url<br />Command duration or timeout: 71 milliseconds<br />Build info: version: '3.141.59', revision: 'e82be7d358', time: '2018-11-14T08:17:03'<br />System info: host: 'DESKTOP-Q8SBOU5', ip: '192.168.8.104', os.name: 'Windows 10', os.arch: 'amd64', os.version: '10.0', java.version: '17.0.10'<br />Driver info: io.appium.java_client.windows.WindowsDriver<br />Capabilities {app: Microsoft.WindowsCalculator..., javascriptEnabled: true, platform: WINDOWS, platformName: Windows}<br />Session ID: 546CAF1D-5F7D-459D-B8D6-86E5D9A9F7DC</td>
</tr>

<tr>
<td>38830</td>
<td title="main thread">main</td>
<td title="Level">INFO</td>
<td title="testcases.testBase logger">testcases.testBase</td>
<td>testBase.java:207</td>
<td title="Message">close browser</td>
</tr>

<tr>
<td>42986</td>
<td title="main thread">main</td>
<td title="Level">INFO</td>
<td title="testcases.testBase logger">testcases.testBase</td>
<td>testBase.java:152</td>
<td title="Message">App Starting</td>
</tr>

<tr>
<td>44372</td>
<td title="main thread">main</td>
<td title="Level">INFO</td>
<td title="listeners.TestExecutionListener logger">listeners.TestExecutionListener</td>
<td>TestExecutionListener.java:44</td>
<td title="Message">‚ñ∂Ô∏è TEST STARTED: testcases.TC01_Calculator.testDivision</td>
</tr>

<tr>
<td>44380</td>
<td title="main thread">main</td>
<td title="Level"><font color="#993300"><strong>WARN</strong></font></td>
<td title="listeners.TestExecutionListener logger">listeners.TestExecutionListener</td>
<td>TestExecutionListener.java:74</td>
<td title="Message">‚ö†Ô∏è TEST SKIPPED: testcases.TC01_Calculator.testDivision</td>
</tr>

<tr>
<td>44381</td>
<td title="main thread">main</td>
<td title="Level"><font color="#993300"><strong>WARN</strong></font></td>
<td title="listeners.TestExecutionListener logger">listeners.TestExecutionListener</td>
<td>TestExecutionListener.java:76</td>
<td title="Message">Skip reason: Command not implemented: POST: /session/8C03271C-1DCB-4BCF-8A25-6EF4B4A50E62/url<br />Command duration or timeout: 209 milliseconds<br />Build info: version: '3.141.59', revision: 'e82be7d358', time: '2018-11-14T08:17:03'<br />System info: host: 'DESKTOP-Q8SBOU5', ip: '192.168.8.104', os.name: 'Windows 10', os.arch: 'amd64', os.version: '10.0', java.version: '17.0.10'<br />Driver info: io.appium.java_client.windows.WindowsDriver<br />Capabilities {app: Microsoft.WindowsCalculator..., javascriptEnabled: true, platform: WINDOWS, platformName: Windows}<br />Session ID: 8C03271C-1DCB-4BCF-8A25-6EF4B4A50E62</td>
</tr>

<tr>
<td>44384</td>
<td title="main thread">main</td>
<td title="Level">INFO</td>
<td title="testcases.testBase logger">testcases.testBase</td>
<td>testBase.java:207</td>
<td title="Message">close browser</td>
</tr>

<tr>
<td>44678</td>
<td title="main thread">main</td>
<td title="Level">INFO</td>
<td title="listeners.TestExecutionListener logger">listeners.TestExecutionListener</td>
<td>TestExecutionListener.java:38</td>
<td title="Message">=== SUITE FINISHED: Calculator Automation Suite ===</td>
</tr>
</table>
<br>
</body></html>

<tr>
<td>5403</td>
<td title="main thread">main</td>
<td title="Level">INFO</td>
<td title="listeners.TestExecutionListener logger">listeners.TestExecutionListener</td>
<td>TestExecutionListener.java:31</td>
<td title="Message">=== SUITE STARTED: Calculator Automation Suite ===</td>
</tr>

<tr>
<td>5412</td>
<td title="main thread">main</td>
<td title="Level">INFO</td>
<td title="listeners.TestExecutionListener logger">listeners.TestExecutionListener</td>
<td>TestExecutionListener.java:33</td>
<td title="Message">Suite parameters: {calculatorAppPath=C:\Windows\System32\calc.exe, winAppDriverUrl=http://127.0.0.1:4723}</td>
</tr>

<tr>
<td>14003</td>
<td title="main thread">main</td>
<td title="Level">INFO</td>
<td title="testcases.testBase logger">testcases.testBase</td>
<td>testBase.java:152</td>
<td title="Message">App Starting</td>
</tr>

<tr>
<td>15005</td>
<td title="main thread">main</td>
<td title="Level">INFO</td>
<td title="listeners.TestExecutionListener logger">listeners.TestExecutionListener</td>
<td>TestExecutionListener.java:44</td>
<td title="Message">‚ñ∂Ô∏è TEST STARTED: testcases.TC01_Calculator.testAddition</td>
</tr>

<tr>
<td>15021</td>
<td title="main thread">main</td>
<td title="Level"><font color="#993300"><strong>WARN</strong></font></td>
<td title="listeners.TestExecutionListener logger">listeners.TestExecutionListener</td>
<td>TestExecutionListener.java:74</td>
<td title="Message">‚ö†Ô∏è TEST SKIPPED: testcases.TC01_Calculator.testAddition</td>
</tr>

<tr>
<td>15021</td>
<td title="main thread">main</td>
<td title="Level"><font color="#993300"><strong>WARN</strong></font></td>
<td title="listeners.TestExecutionListener logger">listeners.TestExecutionListener</td>
<td>TestExecutionListener.java:76</td>
<td title="Message">Skip reason: null value in entry: url=null</td>
</tr>

<tr>
<td>15026</td>
<td title="main thread">main</td>
<td title="Level">INFO</td>
<td title="testcases.testBase logger">testcases.testBase</td>
<td>testBase.java:207</td>
<td title="Message">close browser</td>
</tr>

<tr>
<td>19293</td>
<td title="main thread">main</td>
<td title="Level">INFO</td>
<td title="testcases.testBase logger">testcases.testBase</td>
<td>testBase.java:152</td>
<td title="Message">App Starting</td>
</tr>

<tr>
<td>19904</td>
<td title="main thread">main</td>
<td title="Level">INFO</td>
<td title="listeners.TestExecutionListener logger">listeners.TestExecutionListener</td>
<td>TestExecutionListener.java:44</td>
<td title="Message">‚ñ∂Ô∏è TEST STARTED: testcases.TC01_Calculator.testSubtraction</td>
</tr>

<tr>
<td>19912</td>
<td title="main thread">main</td>
<td title="Level"><font color="#993300"><strong>WARN</strong></font></td>
<td title="listeners.TestExecutionListener logger">listeners.TestExecutionListener</td>
<td>TestExecutionListener.java:74</td>
<td title="Message">‚ö†Ô∏è TEST SKIPPED: testcases.TC01_Calculator.testSubtraction</td>
</tr>

<tr>
<td>19913</td>
<td title="main thread">main</td>
<td title="Level"><font color="#993300"><strong>WARN</strong></font></td>
<td title="listeners.TestExecutionListener logger">listeners.TestExecutionListener</td>
<td>TestExecutionListener.java:76</td>
<td title="Message">Skip reason: null value in entry: url=null</td>
</tr>

<tr>
<td>19916</td>
<td title="main thread">main</td>
<td title="Level">INFO</td>
<td title="testcases.testBase logger">testcases.testBase</td>
<td>testBase.java:207</td>
<td title="Message">close browser</td>
</tr>
</table>
<br>
</body></html>

<tr>
<td>3608</td>
<td title="main thread">main</td>
<td title="Level">INFO</td>
<td title="listeners.TestExecutionListener logger">listeners.TestExecutionListener</td>
<td>TestExecutionListener.java:31</td>
<td title="Message">=== SUITE STARTED: Calculator Automation Suite ===</td>
</tr>

<tr>
<td>3616</td>
<td title="main thread">main</td>
<td title="Level">INFO</td>
<td title="listeners.TestExecutionListener logger">listeners.TestExecutionListener</td>
<td>TestExecutionListener.java:33</td>
<td title="Message">Suite parameters: {calculatorAppPath=C:\Windows\System32\calc.exe, winAppDriverUrl=http://127.0.0.1:4723}</td>
</tr>

<tr>
<td>8609</td>
<td title="main thread">main</td>
<td title="Level">INFO</td>
<td title="testcases.testBase logger">testcases.testBase</td>
<td>testBase.java:152</td>
<td title="Message">App Starting</td>
</tr>

<tr>
<td>9486</td>
<td title="main thread">main</td>
<td title="Level">INFO</td>
<td title="listeners.TestExecutionListener logger">listeners.TestExecutionListener</td>
<td>TestExecutionListener.java:44</td>
<td title="Message">‚ñ∂Ô∏è TEST STARTED: testcases.TC01_Calculator.testAddition</td>
</tr>

<tr>
<td>9507</td>
<td title="main thread">main</td>
<td title="Level"><font color="#993300"><strong>WARN</strong></font></td>
<td title="listeners.TestExecutionListener logger">listeners.TestExecutionListener</td>
<td>TestExecutionListener.java:74</td>
<td title="Message">‚ö†Ô∏è TEST SKIPPED: testcases.TC01_Calculator.testAddition</td>
</tr>

<tr>
<td>9508</td>
<td title="main thread">main</td>
<td title="Level"><font color="#993300"><strong>WARN</strong></font></td>
<td title="listeners.TestExecutionListener logger">listeners.TestExecutionListener</td>
<td>TestExecutionListener.java:76</td>
<td title="Message">Skip reason: Command not implemented: POST: /session/FF01BE86-8397-4593-B1D4-A5E4D432B0F4/url<br />Command duration or timeout: 66 milliseconds<br />Build info: version: '3.141.59', revision: 'e82be7d358', time: '2018-11-14T08:17:03'<br />System info: host: 'DESKTOP-Q8SBOU5', ip: '192.168.8.104', os.name: 'Windows 10', os.arch: 'amd64', os.version: '10.0', java.version: '17.0.10'<br />Driver info: io.appium.java_client.windows.WindowsDriver<br />Capabilities {app: Microsoft.WindowsCalculator..., javascriptEnabled: true, platform: WINDOWS, platformName: Windows}<br />Session ID: FF01BE86-8397-4593-B1D4-A5E4D432B0F4</td>
</tr>

<tr>
<td>9663</td>
<td title="main thread">main</td>
<td title="Level">INFO</td>
<td title="listeners.TestExecutionListener logger">listeners.TestExecutionListener</td>
<td>TestExecutionListener.java:38</td>
<td title="Message">=== SUITE FINISHED: Calculator Automation Suite ===</td>
</tr>
</table>
<br>
</body></html>

<tr>
<td>4022</td>
<td title="main thread">main</td>
<td title="Level">INFO</td>
<td title="listeners.TestExecutionListener logger">listeners.TestExecutionListener</td>
<td>TestExecutionListener.java:31</td>
<td title="Message">=== SUITE STARTED: Calculator Automation Suite ===</td>
</tr>

<tr>
<td>4030</td>
<td title="main thread">main</td>
<td title="Level">INFO</td>
<td title="listeners.TestExecutionListener logger">listeners.TestExecutionListener</td>
<td>TestExecutionListener.java:33</td>
<td title="Message">Suite parameters: {calculatorAppPath=C:\Windows\System32\calc.exe, winAppDriverUrl=http://127.0.0.1:4723}</td>
</tr>

<tr>
<td>9425</td>
<td title="main thread">main</td>
<td title="Level">INFO</td>
<td title="listeners.TestExecutionListener logger">listeners.TestExecutionListener</td>
<td>TestExecutionListener.java:44</td>
<td title="Message">‚ñ∂Ô∏è TEST STARTED: testcases.TC01_Calculator.testAddition</td>
</tr>

<tr>
<td>15777</td>
<td title="main thread">main</td>
<td title="Level"><font color="#993300"><strong>ERROR</strong></font></td>
<td title="listeners.TestExecutionListener logger">listeners.TestExecutionListener</td>
<td>TestExecutionListener.java:63</td>
<td title="Message">‚ùå TEST FAILED: testcases.TC01_Calculator.testAddition (Reason: Addition result should be 42 expected [42] but found [251])</td>
</tr>

<tr>
<td>15779</td>
<td title="main thread">main</td>
<td title="Level"><font color="#993300"><strong>WARN</strong></font></td>
<td title="listeners.TestExecutionListener logger">listeners.TestExecutionListener</td>
<td>TestExecutionListener.java:111</td>
<td title="Message">‚ö†Ô∏è No WindowsDriver found ‚Äî screenshot skipped</td>
</tr>

<tr>
<td>15868</td>
<td title="main thread">main</td>
<td title="Level">INFO</td>
<td title="listeners.TestExecutionListener logger">listeners.TestExecutionListener</td>
<td>TestExecutionListener.java:159</td>
<td title="Message">üìÑ Failure report created: C:\Shady Automation Course\Projects During Live Sessions\Sesion_3\Calculator\test-reports\testAddition_2025-10-11_22-43-44_failure_report.html</td>
</tr>

<tr>
<td>16169</td>
<td title="main thread">main</td>
<td title="Level">INFO</td>
<td title="listeners.TestExecutionListener logger">listeners.TestExecutionListener</td>
<td>TestExecutionListener.java:38</td>
<td title="Message">=== SUITE FINISHED: Calculator Automation Suite ===</td>
</tr>
</table>
<br>
</body></html>

<tr>
<td>5290</td>
<td title="main thread">main</td>
<td title="Level">INFO</td>
<td title="listeners.TestExecutionListener logger">listeners.TestExecutionListener</td>
<td>TestExecutionListener.java:31</td>
<td title="Message">=== SUITE STARTED: Calculator Automation Suite ===</td>
</tr>

<tr>
<td>5298</td>
<td title="main thread">main</td>
<td title="Level">INFO</td>
<td title="listeners.TestExecutionListener logger">listeners.TestExecutionListener</td>
<td>TestExecutionListener.java:33</td>
<td title="Message">Suite parameters: {calculatorAppPath=C:\Windows\System32\calc.exe, winAppDriverUrl=http://127.0.0.1:4723}</td>
</tr>

<tr>
<td>11399</td>
<td title="main thread">main</td>
<td title="Level">INFO</td>
<td title="listeners.TestExecutionListener logger">listeners.TestExecutionListener</td>
<td>TestExecutionListener.java:44</td>
<td title="Message">‚ñ∂Ô∏è TEST STARTED: testcases.TC01_Calculator.testAddition</td>
</tr>

<tr>
<td>17641</td>
<td title="main thread">main</td>
<td title="Level">INFO</td>
<td title="listeners.TestExecutionListener logger">listeners.TestExecutionListener</td>
<td>TestExecutionListener.java:54</td>
<td title="Message">‚úÖ TEST PASSED: testcases.TC01_Calculator.testAddition (Duration: 6225 ms)</td>
</tr>

<tr>
<td>23357</td>
<td title="main thread">main</td>
<td title="Level">INFO</td>
<td title="listeners.TestExecutionListener logger">listeners.TestExecutionListener</td>
<td>TestExecutionListener.java:44</td>
<td title="Message">‚ñ∂Ô∏è TEST STARTED: testcases.TC01_Calculator.testSubtraction</td>
</tr>

<tr>
<td>31191</td>
<td title="main thread">main</td>
<td title="Level">INFO</td>
<td title="listeners.TestExecutionListener logger">listeners.TestExecutionListener</td>
<td>TestExecutionListener.java:54</td>
<td title="Message">‚úÖ TEST PASSED: testcases.TC01_Calculator.testSubtraction (Duration: 7832 ms)</td>
</tr>

<tr>
<td>36931</td>
<td title="main thread">main</td>
<td title="Level">INFO</td>
<td title="listeners.TestExecutionListener logger">listeners.TestExecutionListener</td>
<td>TestExecutionListener.java:44</td>
<td title="Message">‚ñ∂Ô∏è TEST STARTED: testcases.TC01_Calculator.testMultiplication</td>
</tr>

<tr>
<td>41808</td>
<td title="main thread">main</td>
<td title="Level">INFO</td>
<td title="listeners.TestExecutionListener logger">listeners.TestExecutionListener</td>
<td>TestExecutionListener.java:54</td>
<td title="Message">‚úÖ TEST PASSED: testcases.TC01_Calculator.testMultiplication (Duration: 4875 ms)</td>
</tr>

<tr>
<td>46970</td>
<td title="main thread">main</td>
<td title="Level">INFO</td>
<td title="listeners.TestExecutionListener logger">listeners.TestExecutionListener</td>
<td>TestExecutionListener.java:44</td>
<td title="Message">‚ñ∂Ô∏è TEST STARTED: testcases.TC01_Calculator.testDivision</td>
</tr>

<tr>
<td>52462</td>
<td title="main thread">main</td>
<td title="Level">INFO</td>
<td title="listeners.TestExecutionListener logger">listeners.TestExecutionListener</td>
<td>TestExecutionListener.java:54</td>
<td title="Message">‚úÖ TEST PASSED: testcases.TC01_Calculator.testDivision (Duration: 5490 ms)</td>
</tr>

<tr>
<td>52593</td>
<td title="main thread">main</td>
<td title="Level">INFO</td>
<td title="listeners.TestExecutionListener logger">listeners.TestExecutionListener</td>
<td>TestExecutionListener.java:38</td>
<td title="Message">=== SUITE FINISHED: Calculator Automation Suite ===</td>
</tr>
</table>
<br>
</body></html>

<tr>
<td>4119</td>
<td title="main thread">main</td>
<td title="Level">INFO</td>
<td title="listeners.TestExecutionListener logger">listeners.TestExecutionListener</td>
<td>TestExecutionListener.java:31</td>
<td title="Message">=== SUITE STARTED: Calculator Automation Suite ===</td>
</tr>

<tr>
<td>4127</td>
<td title="main thread">main</td>
<td title="Level">INFO</td>
<td title="listeners.TestExecutionListener logger">listeners.TestExecutionListener</td>
<td>TestExecutionListener.java:33</td>
<td title="Message">Suite parameters: {calculatorAppPath=C:\Windows\System32\calc.exe, winAppDriverUrl=http://127.0.0.1:4723}</td>
</tr>

<tr>
<td>9566</td>
<td title="main thread">main</td>
<td title="Level">INFO</td>
<td title="listeners.TestExecutionListener logger">listeners.TestExecutionListener</td>
<td>TestExecutionListener.java:44</td>
<td title="Message">‚ñ∂Ô∏è TEST STARTED: testcases.TC01_Calculator.testAddition</td>
</tr>

<tr>
<td>9583</td>
<td title="main thread">main</td>
<td title="Level"><font color="#993300"><strong>WARN</strong></font></td>
<td title="listeners.TestExecutionListener logger">listeners.TestExecutionListener</td>
<td>TestExecutionListener.java:74</td>
<td title="Message">‚ö†Ô∏è TEST SKIPPED: testcases.TC01_Calculator.testAddition</td>
</tr>

<tr>
<td>9584</td>
<td title="main thread">main</td>
<td title="Level"><font color="#993300"><strong>WARN</strong></font></td>
<td title="listeners.TestExecutionListener logger">listeners.TestExecutionListener</td>
<td>TestExecutionListener.java:76</td>
<td title="Message">Skip reason: Cannot invoke &quot;utils.Utility.getCurrentTimestamp()&quot; because &quot;this.utility&quot; is null</td>
</tr>

<tr>
<td>14310</td>
<td title="main thread">main</td>
<td title="Level">INFO</td>
<td title="listeners.TestExecutionListener logger">listeners.TestExecutionListener</td>
<td>TestExecutionListener.java:44</td>
<td title="Message">‚ñ∂Ô∏è TEST STARTED: testcases.TC01_Calculator.testSubtraction</td>
</tr>

<tr>
<td>14319</td>
<td title="main thread">main</td>
<td title="Level"><font color="#993300"><strong>WARN</strong></font></td>
<td title="listeners.TestExecutionListener logger">listeners.TestExecutionListener</td>
<td>TestExecutionListener.java:74</td>
<td title="Message">‚ö†Ô∏è TEST SKIPPED: testcases.TC01_Calculator.testSubtraction</td>
</tr>

<tr>
<td>14320</td>
<td title="main thread">main</td>
<td title="Level"><font color="#993300"><strong>WARN</strong></font></td>
<td title="listeners.TestExecutionListener logger">listeners.TestExecutionListener</td>
<td>TestExecutionListener.java:76</td>
<td title="Message">Skip reason: Cannot invoke &quot;utils.Utility.getCurrentTimestamp()&quot; because &quot;this.utility&quot; is null</td>
</tr>

<tr>
<td>18845</td>
<td title="main thread">main</td>
<td title="Level">INFO</td>
<td title="listeners.TestExecutionListener logger">listeners.TestExecutionListener</td>
<td>TestExecutionListener.java:44</td>
<td title="Message">‚ñ∂Ô∏è TEST STARTED: testcases.TC01_Calculator.testMultiplication</td>
</tr>

<tr>
<td>18859</td>
<td title="main thread">main</td>
<td title="Level"><font color="#993300"><strong>WARN</strong></font></td>
<td title="listeners.TestExecutionListener logger">listeners.TestExecutionListener</td>
<td>TestExecutionListener.java:74</td>
<td title="Message">‚ö†Ô∏è TEST SKIPPED: testcases.TC01_Calculator.testMultiplication</td>
</tr>

<tr>
<td>18860</td>
<td title="main thread">main</td>
<td title="Level"><font color="#993300"><strong>WARN</strong></font></td>
<td title="listeners.TestExecutionListener logger">listeners.TestExecutionListener</td>
<td>TestExecutionListener.java:76</td>
<td title="Message">Skip reason: Cannot invoke &quot;utils.Utility.getCurrentTimestamp()&quot; because &quot;this.utility&quot; is null</td>
</tr>
</table>
<br>
</body></html>

<tr>
<td>3973</td>
<td title="main thread">main</td>
<td title="Level">INFO</td>
<td title="listeners.TestExecutionListener logger">listeners.TestExecutionListener</td>
<td>TestExecutionListener.java:31</td>
<td title="Message">=== SUITE STARTED: Calculator Automation Suite ===</td>
</tr>

<tr>
<td>3982</td>
<td title="main thread">main</td>
<td title="Level">INFO</td>
<td title="listeners.TestExecutionListener logger">listeners.TestExecutionListener</td>
<td>TestExecutionListener.java:33</td>
<td title="Message">Suite parameters: {calculatorAppPath=C:\Windows\System32\calc.exe, winAppDriverUrl=http://127.0.0.1:4723}</td>
</tr>

<tr>
<td>8951</td>
<td title="main thread">main</td>
<td title="Level">INFO</td>
<td title="listeners.TestExecutionListener logger">listeners.TestExecutionListener</td>
<td>TestExecutionListener.java:44</td>
<td title="Message">‚ñ∂Ô∏è TEST STARTED: testcases.TC01_Calculator.testAddition</td>
</tr>

<tr>
<td>8971</td>
<td title="main thread">main</td>
<td title="Level"><font color="#993300"><strong>WARN</strong></font></td>
<td title="listeners.TestExecutionListener logger">listeners.TestExecutionListener</td>
<td>TestExecutionListener.java:74</td>
<td title="Message">‚ö†Ô∏è TEST SKIPPED: testcases.TC01_Calculator.testAddition</td>
</tr>

<tr>
<td>8973</td>
<td title="main thread">main</td>
<td title="Level"><font color="#993300"><strong>WARN</strong></font></td>
<td title="listeners.TestExecutionListener logger">listeners.TestExecutionListener</td>
<td>TestExecutionListener.java:76</td>
<td title="Message">Skip reason: Cannot invoke &quot;utils.Utility.getCurrentTimestamp()&quot; because &quot;this.utility&quot; is null</td>
</tr>
</table>
<br>
</body></html>

<tr>
<td>4123</td>
<td title="main thread">main</td>
<td title="Level">INFO</td>
<td title="listeners.TestExecutionListener logger">listeners.TestExecutionListener</td>
<td>TestExecutionListener.java:31</td>
<td title="Message">=== SUITE STARTED: Calculator Automation Suite ===</td>
</tr>

<tr>
<td>4130</td>
<td title="main thread">main</td>
<td title="Level">INFO</td>
<td title="listeners.TestExecutionListener logger">listeners.TestExecutionListener</td>
<td>TestExecutionListener.java:33</td>
<td title="Message">Suite parameters: {calculatorAppPath=C:\Windows\System32\calc.exe, winAppDriverUrl=http://127.0.0.1:4723}</td>
</tr>

<tr>
<td>8997</td>
<td title="main thread">main</td>
<td title="Level">INFO</td>
<td title="listeners.TestExecutionListener logger">listeners.TestExecutionListener</td>
<td>TestExecutionListener.java:44</td>
<td title="Message">‚ñ∂Ô∏è TEST STARTED: testcases.TC01_Calculator.testAddition</td>
</tr>

<tr>
<td>9037</td>
<td title="main thread">main</td>
<td title="Level"><font color="#993300"><strong>WARN</strong></font></td>
<td title="listeners.TestExecutionListener logger">listeners.TestExecutionListener</td>
<td>TestExecutionListener.java:74</td>
<td title="Message">‚ö†Ô∏è TEST SKIPPED: testcases.TC01_Calculator.testAddition</td>
</tr>

<tr>
<td>9039</td>
<td title="main thread">main</td>
<td title="Level"><font color="#993300"><strong>WARN</strong></font></td>
<td title="listeners.TestExecutionListener logger">listeners.TestExecutionListener</td>
<td>TestExecutionListener.java:76</td>
<td title="Message">Skip reason: Cannot invoke &quot;utils.Utility.getCurrentTimestamp()&quot; because &quot;this.utility&quot; is null</td>
</tr>
</table>
<br>
</body></html>

<tr>
<td>4260</td>
<td title="main thread">main</td>
<td title="Level">INFO</td>
<td title="listeners.TestExecutionListener logger">listeners.TestExecutionListener</td>
<td>TestExecutionListener.java:31</td>
<td title="Message">=== SUITE STARTED: Calculator Automation Suite ===</td>
</tr>

<tr>
<td>4273</td>
<td title="main thread">main</td>
<td title="Level">INFO</td>
<td title="listeners.TestExecutionListener logger">listeners.TestExecutionListener</td>
<td>TestExecutionListener.java:33</td>
<td title="Message">Suite parameters: {calculatorAppPath=C:\Windows\System32\calc.exe, winAppDriverUrl=http://127.0.0.1:4723}</td>
</tr>

<tr>
<td>10033</td>
<td title="main thread">main</td>
<td title="Level">INFO</td>
<td title="listeners.TestExecutionListener logger">listeners.TestExecutionListener</td>
<td>TestExecutionListener.java:44</td>
<td title="Message">‚ñ∂Ô∏è TEST STARTED: testcases.TC01_Calculator.testAddition</td>
</tr>

<tr>
<td>16159</td>
<td title="main thread">main</td>
<td title="Level"><font color="#993300"><strong>ERROR</strong></font></td>
<td title="listeners.TestExecutionListener logger">listeners.TestExecutionListener</td>
<td>TestExecutionListener.java:63</td>
<td title="Message">‚ùå TEST FAILED: testcases.TC01_Calculator.testAddition (Reason: Addition result should be 42 expected [42] but found [22])</td>
</tr>

<tr>
<td>16172</td>
<td title="main thread">main</td>
<td title="Level"><font color="#993300"><strong>WARN</strong></font></td>
<td title="listeners.TestExecutionListener logger">listeners.TestExecutionListener</td>
<td>TestExecutionListener.java:111</td>
<td title="Message">‚ö†Ô∏è No WindowsDriver found ‚Äî screenshot skipped</td>
</tr>

<tr>
<td>16226</td>
<td title="main thread">main</td>
<td title="Level">INFO</td>
<td title="listeners.TestExecutionListener logger">listeners.TestExecutionListener</td>
<td>TestExecutionListener.java:159</td>
<td title="Message">üìÑ Failure report created: C:\Shady Automation Course\Projects During Live Sessions\Sesion_3\Calculator\test-reports\testAddition_2025-10-11_22-57-39_failure_report.html</td>
</tr>

<tr>
<td>26719</td>
<td title="main thread">main</td>
<td title="Level">INFO</td>
<td title="listeners.TestExecutionListener logger">listeners.TestExecutionListener</td>
<td>TestExecutionListener.java:44</td>
<td title="Message">‚ñ∂Ô∏è TEST STARTED: testcases.TC01_Calculator.testSubtraction</td>
</tr>

<tr>
<td>26728</td>
<td title="main thread">main</td>
<td title="Level"><font color="#993300"><strong>WARN</strong></font></td>
<td title="listeners.TestExecutionListener logger">listeners.TestExecutionListener</td>
<td>TestExecutionListener.java:74</td>
<td title="Message">‚ö†Ô∏è TEST SKIPPED: testcases.TC01_Calculator.testSubtraction</td>
</tr>

<tr>
<td>26729</td>
<td title="main thread">main</td>
<td title="Level"><font color="#993300"><strong>WARN</strong></font></td>
<td title="listeners.TestExecutionListener logger">listeners.TestExecutionListener</td>
<td>TestExecutionListener.java:76</td>
<td title="Message">Skip reason: Calculator initialization failed</td>
</tr>

<tr>
<td>31833</td>
<td title="main thread">main</td>
<td title="Level">INFO</td>
<td title="listeners.TestExecutionListener logger">listeners.TestExecutionListener</td>
<td>TestExecutionListener.java:44</td>
<td title="Message">‚ñ∂Ô∏è TEST STARTED: testcases.TC01_Calculator.testMultiplication</td>
</tr>

<tr>
<td>36341</td>
<td title="main thread">main</td>
<td title="Level"><font color="#993300"><strong>ERROR</strong></font></td>
<td title="listeners.TestExecutionListener logger">listeners.TestExecutionListener</td>
<td>TestExecutionListener.java:63</td>
<td title="Message">‚ùå TEST FAILED: testcases.TC01_Calculator.testMultiplication (Reason: Multiplication result should be 42 expected [42] but found [36])</td>
</tr>

<tr>
<td>36343</td>
<td title="main thread">main</td>
<td title="Level"><font color="#993300"><strong>WARN</strong></font></td>
<td title="listeners.TestExecutionListener logger">listeners.TestExecutionListener</td>
<td>TestExecutionListener.java:111</td>
<td title="Message">‚ö†Ô∏è No WindowsDriver found ‚Äî screenshot skipped</td>
</tr>

<tr>
<td>36362</td>
<td title="main thread">main</td>
<td title="Level">INFO</td>
<td title="listeners.TestExecutionListener logger">listeners.TestExecutionListener</td>
<td>TestExecutionListener.java:159</td>
<td title="Message">üìÑ Failure report created: C:\Shady Automation Course\Projects During Live Sessions\Sesion_3\Calculator\test-reports\testMultiplication_2025-10-11_22-57-59_failure_report.html</td>
</tr>

<tr>
<td>41337</td>
<td title="main thread">main</td>
<td title="Level">INFO</td>
<td title="listeners.TestExecutionListener logger">listeners.TestExecutionListener</td>
<td>TestExecutionListener.java:44</td>
<td title="Message">‚ñ∂Ô∏è TEST STARTED: testcases.TC01_Calculator.testDivision</td>
</tr>

<tr>
<td>46271</td>
<td title="main thread">main</td>
<td title="Level"><font color="#993300"><strong>ERROR</strong></font></td>
<td title="listeners.TestExecutionListener logger">listeners.TestExecutionListener</td>
<td>TestExecutionListener.java:63</td>
<td title="Message">‚ùå TEST FAILED: testcases.TC01_Calculator.testDivision (Reason: Division result should be 42 expected [42] but found [88])</td>
</tr>

<tr>
<td>46272</td>
<td title="main thread">main</td>
<td title="Level"><font color="#993300"><strong>WARN</strong></font></td>
<td title="listeners.TestExecutionListener logger">listeners.TestExecutionListener</td>
<td>TestExecutionListener.java:111</td>
<td title="Message">‚ö†Ô∏è No WindowsDriver found ‚Äî screenshot skipped</td>
</tr>

<tr>
<td>46274</td>
<td title="main thread">main</td>
<td title="Level">INFO</td>
<td title="listeners.TestExecutionListener logger">listeners.TestExecutionListener</td>
<td>TestExecutionListener.java:159</td>
<td title="Message">üìÑ Failure report created: C:\Shady Automation Course\Projects During Live Sessions\Sesion_3\Calculator\test-reports\testDivision_2025-10-11_22-58-09_failure_report.html</td>
</tr>

<tr>
<td>46460</td>
<td title="main thread">main</td>
<td title="Level">INFO</td>
<td title="listeners.TestExecutionListener logger">listeners.TestExecutionListener</td>
<td>TestExecutionListener.java:38</td>
<td title="Message">=== SUITE FINISHED: Calculator Automation Suite ===</td>
</tr>
</table>
<br>
</body></html>

<tr>
<td>36887</td>
<td title="main thread">main</td>
<td title="Level">INFO</td>
<td title="listeners.TestExecutionListener logger">listeners.TestExecutionListener</td>
<td>TestExecutionListener.java:31</td>
<td title="Message">=== SUITE STARTED: Calculator Automation Suite ===</td>
</tr>

<tr>
<td>36971</td>
<td title="main thread">main</td>
<td title="Level">INFO</td>
<td title="listeners.TestExecutionListener logger">listeners.TestExecutionListener</td>
<td>TestExecutionListener.java:33</td>
<td title="Message">Suite parameters: {calculatorAppPath=C:\Windows\System32\calc.exe, winAppDriverUrl=http://127.0.0.1:4723}</td>
</tr>

<tr>
<td>60298</td>
<td title="main thread">main</td>
<td title="Level">INFO</td>
<td title="listeners.TestExecutionListener logger">listeners.TestExecutionListener</td>
<td>TestExecutionListener.java:44</td>
<td title="Message">‚ñ∂Ô∏è TEST STARTED: testcases.TC01_Calculator.testAddition</td>
</tr>

<tr>
<td>66154</td>
<td title="main thread">main</td>
<td title="Level">INFO</td>
<td title="listeners.TestExecutionListener logger">listeners.TestExecutionListener</td>
<td>TestExecutionListener.java:54</td>
<td title="Message">‚úÖ TEST PASSED: testcases.TC01_Calculator.testAddition (Duration: 5796 ms)</td>
</tr>

<tr>
<td>71430</td>
<td title="main thread">main</td>
<td title="Level">INFO</td>
<td title="listeners.TestExecutionListener logger">listeners.TestExecutionListener</td>
<td>TestExecutionListener.java:44</td>
<td title="Message">‚ñ∂Ô∏è TEST STARTED: testcases.TC01_Calculator.testSubtraction</td>
</tr>

<tr>
<td>78934</td>
<td title="main thread">main</td>
<td title="Level">INFO</td>
<td title="listeners.TestExecutionListener logger">listeners.TestExecutionListener</td>
<td>TestExecutionListener.java:54</td>
<td title="Message">‚úÖ TEST PASSED: testcases.TC01_Calculator.testSubtraction (Duration: 7500 ms)</td>
</tr>

<tr>
<td>83675</td>
<td title="main thread">main</td>
<td title="Level">INFO</td>
<td title="listeners.TestExecutionListener logger">listeners.TestExecutionListener</td>
<td>TestExecutionListener.java:44</td>
<td title="Message">‚ñ∂Ô∏è TEST STARTED: testcases.TC01_Calculator.testMultiplication</td>
</tr>

<tr>
<td>87976</td>
<td title="main thread">main</td>
<td title="Level">INFO</td>
<td title="listeners.TestExecutionListener logger">listeners.TestExecutionListener</td>
<td>TestExecutionListener.java:54</td>
<td title="Message">‚úÖ TEST PASSED: testcases.TC01_Calculator.testMultiplication (Duration: 4299 ms)</td>
</tr>

<tr>
<td>92411</td>
<td title="main thread">main</td>
<td title="Level">INFO</td>
<td title="listeners.TestExecutionListener logger">listeners.TestExecutionListener</td>
<td>TestExecutionListener.java:44</td>
<td title="Message">‚ñ∂Ô∏è TEST STARTED: testcases.TC01_Calculator.testDivision</td>
</tr>

<tr>
<td>97167</td>
<td title="main thread">main</td>
<td title="Level">INFO</td>
<td title="listeners.TestExecutionListener logger">listeners.TestExecutionListener</td>
<td>TestExecutionListener.java:54</td>
<td title="Message">‚úÖ TEST PASSED: testcases.TC01_Calculator.testDivision (Duration: 4755 ms)</td>
</tr>

<tr>
<td>97296</td>
<td title="main thread">main</td>
<td title="Level">INFO</td>
<td title="listeners.TestExecutionListener logger">listeners.TestExecutionListener</td>
<td>TestExecutionListener.java:38</td>
<td title="Message">=== SUITE FINISHED: Calculator Automation Suite ===</td>
</tr>
</table>
<br>
</body></html>
